<?xml version="1.0" encoding="UTF-8"?>
<!-- Generated by org.testng.reporters.JUnitReportReporter -->
<testsuite hostname="Sohail" failures="0" tests="6" name="com.TestNG.Annotations1" time="0.010" errors="0" timestamp="2024-05-21T20:55:16 IST" skipped="0">
  <testcase classname="com.TestNG.Annotations1" name="sentMailTest" time="0.002"/>
  <system-out/>
  <testcase classname="com.TestNG.Annotations1" name="composeMailTest" time="0.001"/>
  <system-out/>
  <testcase classname="com.TestNG.Annotations1" name="gmailApplicationClose" time="0.000"/>
  <system-out/>
  <testcase classname="com.TestNG.Annotations1" name="LogInTest" time="0.001"/>
  <system-out/>
  <testcase classname="com.TestNG.Annotations1" name="DraftsMailTest" time="0.006"/>
  <system-out/>
  <testcase classname="com.TestNG.Annotations1" name="gmailApplicationLaunch" time="0.000"/>
  <system-out/>
</testsuite> <!-- com.TestNG.Annotations1 -->
